<?xml version="1.0" encoding="UTF-8"?>
<testng-results skipped="0" failed="0" total="1" passed="1">
  <reporter-output>
  </reporter-output>
  <suite name="Suite1" duration-ms="16433" started-at="2018-04-02T07:17:08Z" finished-at="2018-04-02T07:17:24Z">
    <groups>
    </groups>
    <test name="demo" duration-ms="16433" started-at="2018-04-02T07:17:08Z" finished-at="2018-04-02T07:17:24Z">
      <class name="Control.login">
        <test-method status="PASS" signature="toInit()[pri:0, instance:Control.login@234bef66]" name="toInit" is-config="true" duration-ms="11258" started-at="2018-04-02T15:17:08Z" finished-at="2018-04-02T15:17:19Z">
          <reporter-output>
          </reporter-output>
        </test-method> <!-- toInit -->
        <test-method status="PASS" signature="tologin()[pri:0, instance:Control.login@234bef66]" name="tologin" duration-ms="450" started-at="2018-04-02T15:17:19Z" finished-at="2018-04-02T15:17:19Z">
          <reporter-output>
          </reporter-output>
        </test-method> <!-- tologin -->
        <test-method status="PASS" signature="toEnd()[pri:0, instance:Control.login@234bef66]" name="toEnd" is-config="true" duration-ms="4719" started-at="2018-04-02T15:17:19Z" finished-at="2018-04-02T15:17:24Z">
          <reporter-output>
          </reporter-output>
        </test-method> <!-- toEnd -->
      </class> <!-- Control.login -->
    </test> <!-- demo -->
  </suite> <!-- Suite1 -->
</testng-results>
