<?xml version="1.0" encoding="UTF-8"?>
<testng-results skipped="0" failed="0" total="1" passed="1">
  <reporter-output>
  </reporter-output>
  <suite name="Default suite" duration-ms="11906" started-at="2018-03-30T05:55:51Z" finished-at="2018-03-30T05:56:03Z">
    <groups>
    </groups>
    <test name="Default test" duration-ms="11906" started-at="2018-03-30T05:55:51Z" finished-at="2018-03-30T05:56:03Z">
      <class name="Control.login">
        <test-method status="PASS" signature="toInit()[pri:0, instance:Control.login@5622fdf]" name="toInit" is-config="true" duration-ms="7270" started-at="2018-03-30T13:55:51Z" finished-at="2018-03-30T13:55:59Z">
          <reporter-output>
          </reporter-output>
        </test-method> <!-- toInit -->
        <test-method status="PASS" signature="tologin()[pri:0, instance:Control.login@5622fdf]" name="tologin" duration-ms="393" started-at="2018-03-30T13:55:59Z" finished-at="2018-03-30T13:55:59Z">
          <reporter-output>
          </reporter-output>
        </test-method> <!-- tologin -->
        <test-method status="PASS" signature="toEnd()[pri:0, instance:Control.login@5622fdf]" name="toEnd" is-config="true" duration-ms="4233" started-at="2018-03-30T13:55:59Z" finished-at="2018-03-30T13:56:03Z">
          <reporter-output>
          </reporter-output>
        </test-method> <!-- toEnd -->
      </class> <!-- Control.login -->
    </test> <!-- Default test -->
  </suite> <!-- Default suite -->
</testng-results>
